2022-01-11T00:45:14.749+0200 [DEBUG] [org.gradle.launcher.daemon.bootstrap.DaemonMain] Assuming the daemon was started with following jvm opts: [--add-opens, java.base/java.util=ALL-UNNAMED, --add-opens, java.base/java.lang=ALL-UNNAMED, --add-opens, java.base/java.lang.invoke=ALL-UNNAMED, --add-opens, java.prefs/java.util.prefs=ALL-UNNAMED, -Xmx1536m, -Dfile.encoding=UTF-8, -Duser.country=UA, -Duser.language=ru, -Duser.variant]
2022-01-11T00:45:14.803+0200 [DEBUG] [org.gradle.internal.nativeintegration.filesystem.services.FileSystemServices] Native-platform file system integration is not available. Continuing with fallback.
2022-01-11T00:45:14.811+0200 [DEBUG] [org.gradle.internal.nativeintegration.filesystem.services.FileSystemServices] Using Jdk7Symlink implementation as symlink.
2022-01-11T00:45:14.815+0200 [INFO] [org.gradle.launcher.daemon.server.Daemon] start() called on daemon - DefaultDaemonContext[uid=f2804720-1df5-43cc-ad41-2a48a3cfe4ac,javaHome=/Applications/Android Studio.app/Contents/jre/Contents/Home,daemonRegistryDir=/Users/andreygorshkov/DATA_MAC/ANDROID/SHOP/gradle/daemon,pid=19545,idleTimeout=10800000,priority=NORMAL,daemonOpts=--add-opens,java.base/java.util=ALL-UNNAMED,--add-opens,java.base/java.lang=ALL-UNNAMED,--add-opens,java.base/java.lang.invoke=ALL-UNNAMED,--add-opens,java.prefs/java.util.prefs=ALL-UNNAMED,-Xmx1536m,-Dfile.encoding=UTF-8,-Duser.country=UA,-Duser.language=ru,-Duser.variant]
2022-01-11T00:45:14.824+0200 [DEBUG] [org.gradle.internal.remote.internal.inet.InetAddresses] Adding IP addresses for network interface utun2
2022-01-11T00:45:14.824+0200 [DEBUG] [org.gradle.internal.remote.internal.inet.InetAddresses] Is this a loopback interface? false
2022-01-11T00:45:14.824+0200 [DEBUG] [org.gradle.internal.remote.internal.inet.InetAddresses] Adding remote address /fe80:0:0:0:ce81:b1c:bd2c:69e%utun2
2022-01-11T00:45:14.825+0200 [DEBUG] [org.gradle.internal.remote.internal.inet.InetAddresses] Adding IP addresses for network interface utun1
2022-01-11T00:45:14.825+0200 [DEBUG] [org.gradle.internal.remote.internal.inet.InetAddresses] Is this a loopback interface? false
2022-01-11T00:45:14.825+0200 [DEBUG] [org.gradle.internal.remote.internal.inet.InetAddresses] Adding remote address /fe80:0:0:0:b00a:d3ef:cf2a:e289%utun1
2022-01-11T00:45:14.825+0200 [DEBUG] [org.gradle.internal.remote.internal.inet.InetAddresses] Adding IP addresses for network interface utun0
2022-01-11T00:45:14.826+0200 [DEBUG] [org.gradle.internal.remote.internal.inet.InetAddresses] Is this a loopback interface? false
2022-01-11T00:45:14.826+0200 [DEBUG] [org.gradle.internal.remote.internal.inet.InetAddresses] Adding remote address /fe80:0:0:0:7cd:2868:e3af:9b0f%utun0
2022-01-11T00:45:14.826+0200 [DEBUG] [org.gradle.internal.remote.internal.inet.InetAddresses] Adding IP addresses for network interface llw0
2022-01-11T00:45:14.826+0200 [DEBUG] [org.gradle.internal.remote.internal.inet.InetAddresses] Is this a loopback interface? false
2022-01-11T00:45:14.826+0200 [DEBUG] [org.gradle.internal.remote.internal.inet.InetAddresses] Adding remote address /fe80:0:0:0:50e4:3cff:fe3a:c042%llw0
2022-01-11T00:45:14.826+0200 [DEBUG] [org.gradle.internal.remote.internal.inet.InetAddresses] Adding IP addresses for network interface awdl0
2022-01-11T00:45:14.826+0200 [DEBUG] [org.gradle.internal.remote.internal.inet.InetAddresses] Is this a loopback interface? false
2022-01-11T00:45:14.826+0200 [DEBUG] [org.gradle.internal.remote.internal.inet.InetAddresses] Adding remote address /fe80:0:0:0:50e4:3cff:fe3a:c042%awdl0
2022-01-11T00:45:14.826+0200 [DEBUG] [org.gradle.internal.remote.internal.inet.InetAddresses] Adding IP addresses for network interface anpi0
2022-01-11T00:45:14.826+0200 [DEBUG] [org.gradle.internal.remote.internal.inet.InetAddresses] Is this a loopback interface? false
2022-01-11T00:45:14.826+0200 [DEBUG] [org.gradle.internal.remote.internal.inet.InetAddresses] Adding remote address /fe80:0:0:0:787a:d3ff:fe9d:bcba%anpi0
2022-01-11T00:45:14.827+0200 [DEBUG] [org.gradle.internal.remote.internal.inet.InetAddresses] Adding IP addresses for network interface anpi1
2022-01-11T00:45:14.827+0200 [DEBUG] [org.gradle.internal.remote.internal.inet.InetAddresses] Is this a loopback interface? false
2022-01-11T00:45:14.827+0200 [DEBUG] [org.gradle.internal.remote.internal.inet.InetAddresses] Adding remote address /fe80:0:0:0:787a:d3ff:fe9d:bcbb%anpi1
2022-01-11T00:45:14.827+0200 [DEBUG] [org.gradle.internal.remote.internal.inet.InetAddresses] Adding IP addresses for network interface anpi2
2022-01-11T00:45:14.827+0200 [DEBUG] [org.gradle.internal.remote.internal.inet.InetAddresses] Is this a loopback interface? false
2022-01-11T00:45:14.827+0200 [DEBUG] [org.gradle.internal.remote.internal.inet.InetAddresses] Adding remote address /fe80:0:0:0:787a:d3ff:fe9d:bcbc%anpi2
2022-01-11T00:45:14.827+0200 [DEBUG] [org.gradle.internal.remote.internal.inet.InetAddresses] Adding IP addresses for network interface en0
2022-01-11T00:45:14.827+0200 [DEBUG] [org.gradle.internal.remote.internal.inet.InetAddresses] Is this a loopback interface? false
2022-01-11T00:45:14.827+0200 [DEBUG] [org.gradle.internal.remote.internal.inet.InetAddresses] Adding remote address /fe80:0:0:0:103a:735d:8b52:ba05%en0
2022-01-11T00:45:14.827+0200 [DEBUG] [org.gradle.internal.remote.internal.inet.InetAddresses] Adding remote address /192.168.19.147
2022-01-11T00:45:14.828+0200 [DEBUG] [org.gradle.internal.remote.internal.inet.InetAddresses] Adding IP addresses for network interface lo0
2022-01-11T00:45:14.828+0200 [DEBUG] [org.gradle.internal.remote.internal.inet.InetAddresses] Is this a loopback interface? true
2022-01-11T00:45:14.828+0200 [DEBUG] [org.gradle.internal.remote.internal.inet.InetAddresses] Ignoring remote address on loopback interface /fe80:0:0:0:0:0:0:1%lo0
2022-01-11T00:45:14.828+0200 [DEBUG] [org.gradle.internal.remote.internal.inet.InetAddresses] Adding loopback address /0:0:0:0:0:0:0:1%lo0
2022-01-11T00:45:14.828+0200 [DEBUG] [org.gradle.internal.remote.internal.inet.InetAddresses] Adding loopback address /127.0.0.1
2022-01-11T00:45:14.830+0200 [DEBUG] [org.gradle.internal.remote.internal.inet.TcpIncomingConnector] Listening on [f61ab85b-34af-4c32-9b63-9194f9e397e0 port:60119, addresses:[localhost/127.0.0.1]].
2022-01-11T00:45:14.835+0200 [DEBUG] [org.gradle.launcher.daemon.server.Daemon] Daemon starting at: Tue Jan 11 00:45:14 EET 2022, with address: [f61ab85b-34af-4c32-9b63-9194f9e397e0 port:60119, addresses:[localhost/127.0.0.1]]
2022-01-11T00:45:14.835+0200 [INFO] [org.gradle.launcher.daemon.server.DaemonRegistryUpdater] Advertising the daemon address to the clients: [f61ab85b-34af-4c32-9b63-9194f9e397e0 port:60119, addresses:[localhost/127.0.0.1]]
2022-01-11T00:45:14.835+0200 [DEBUG] [org.gradle.launcher.daemon.server.DaemonRegistryUpdater] Advertised daemon context: DefaultDaemonContext[uid=f2804720-1df5-43cc-ad41-2a48a3cfe4ac,javaHome=/Applications/Android Studio.app/Contents/jre/Contents/Home,daemonRegistryDir=/Users/andreygorshkov/DATA_MAC/ANDROID/SHOP/gradle/daemon,pid=19545,idleTimeout=10800000,priority=NORMAL,daemonOpts=--add-opens,java.base/java.util=ALL-UNNAMED,--add-opens,java.base/java.lang=ALL-UNNAMED,--add-opens,java.base/java.lang.invoke=ALL-UNNAMED,--add-opens,java.prefs/java.util.prefs=ALL-UNNAMED,-Xmx1536m,-Dfile.encoding=UTF-8,-Duser.country=UA,-Duser.language=ru,-Duser.variant]
2022-01-11T00:45:14.836+0200 [DEBUG] [org.gradle.launcher.daemon.registry.PersistentDaemonRegistry] Storing daemon address: [f61ab85b-34af-4c32-9b63-9194f9e397e0 port:60119, addresses:[localhost/127.0.0.1]], context: DefaultDaemonContext[uid=f2804720-1df5-43cc-ad41-2a48a3cfe4ac,javaHome=/Applications/Android Studio.app/Contents/jre/Contents/Home,daemonRegistryDir=/Users/andreygorshkov/DATA_MAC/ANDROID/SHOP/gradle/daemon,pid=19545,idleTimeout=10800000,priority=NORMAL,daemonOpts=--add-opens,java.base/java.util=ALL-UNNAMED,--add-opens,java.base/java.lang=ALL-UNNAMED,--add-opens,java.base/java.lang.invoke=ALL-UNNAMED,--add-opens,java.prefs/java.util.prefs=ALL-UNNAMED,-Xmx1536m,-Dfile.encoding=UTF-8,-Duser.country=UA,-Duser.language=ru,-Duser.variant]
2022-01-11T00:45:14.839+0200 [DEBUG] [org.gradle.cache.internal.DefaultFileLockManager] Waiting to acquire exclusive lock on daemon addresses registry.
2022-01-11T00:45:14.840+0200 [DEBUG] [org.gradle.cache.internal.DefaultFileLockManager] Lock acquired on daemon addresses registry.
2022-01-11T00:45:14.843+0200 [DEBUG] [org.gradle.cache.internal.DefaultFileLockManager] Releasing lock on daemon addresses registry.
2022-01-11T00:45:14.844+0200 [LIFECYCLE] [org.gradle.launcher.daemon.server.Daemon] Daemon server started.
2022-01-11T00:45:14.844+0200 [DEBUG] [org.gradle.launcher.daemon.bootstrap.DaemonStartupCommunication] Completed writing the daemon greeting. Closing streams...
2022-01-11T00:45:14.846+0200 [DEBUG] [org.gradle.launcher.daemon.server.Daemon] stopOnExpiration() called on daemon
2022-01-11T00:45:14.846+0200 [DEBUG] [org.gradle.launcher.daemon.server.Daemon] awaitExpiration() called on daemon
2022-01-11T00:45:14.847+0200 [DEBUG] [org.gradle.internal.remote.internal.inet.TcpIncomingConnector] Accepted connection from /127.0.0.1:60120 to /127.0.0.1:60119.
2022-01-11T00:45:14.847+0200 [DEBUG] [org.gradle.launcher.daemon.server.DaemonStateCoordinator] daemon is running. Sleeping until state changes.
2022-01-11T00:45:14.874+0200 [DEBUG] [org.gradle.launcher.daemon.server.SynchronizedDispatchConnection] thread 19: received class org.gradle.launcher.daemon.protocol.Build
2022-01-11T00:45:14.874+0200 [DEBUG] [org.gradle.launcher.daemon.server.DefaultDaemonConnection] thread 19: Received non-IO message from client: Build{id=64af11a7-356f-4008-8fe8-cade082369d4, currentDir=/Users/andreygorshkov/DATA_MAC/ANDROID/SHOP}
2022-01-11T00:45:14.875+0200 [INFO] [org.gradle.launcher.daemon.server.DefaultIncomingConnectionHandler] Received command: Build{id=64af11a7-356f-4008-8fe8-cade082369d4, currentDir=/Users/andreygorshkov/DATA_MAC/ANDROID/SHOP}.
2022-01-11T00:45:14.875+0200 [DEBUG] [org.gradle.launcher.daemon.server.DefaultIncomingConnectionHandler] Starting executing command: Build{id=64af11a7-356f-4008-8fe8-cade082369d4, currentDir=/Users/andreygorshkov/DATA_MAC/ANDROID/SHOP} with connection: socket connection from /127.0.0.1:60119 to /127.0.0.1:60120.
2022-01-11T00:45:14.876+0200 [ERROR] [org.gradle.launcher.daemon.server.DaemonStateCoordinator] Command execution: started DaemonCommandExecution[command = Build{id=64af11a7-356f-4008-8fe8-cade082369d4, currentDir=/Users/andreygorshkov/DATA_MAC/ANDROID/SHOP}, connection = DefaultDaemonConnection: socket connection from /127.0.0.1:60119 to /127.0.0.1:60120] after 0.0 minutes of idle
2022-01-11T00:45:14.877+0200 [INFO] [org.gradle.launcher.daemon.server.DaemonRegistryUpdater] Marking the daemon as busy, address: [f61ab85b-34af-4c32-9b63-9194f9e397e0 port:60119, addresses:[localhost/127.0.0.1]]
2022-01-11T00:45:14.877+0200 [DEBUG] [org.gradle.launcher.daemon.registry.PersistentDaemonRegistry] Marking busy by address: [f61ab85b-34af-4c32-9b63-9194f9e397e0 port:60119, addresses:[localhost/127.0.0.1]]
2022-01-11T00:45:14.877+0200 [DEBUG] [org.gradle.cache.internal.DefaultFileLockManager] Waiting to acquire exclusive lock on daemon addresses registry.
2022-01-11T00:45:14.877+0200 [DEBUG] [org.gradle.cache.internal.DefaultFileLockManager] Lock acquired on daemon addresses registry.
2022-01-11T00:45:14.878+0200 [DEBUG] [org.gradle.cache.internal.DefaultFileLockManager] Releasing lock on daemon addresses registry.
2022-01-11T00:45:14.878+0200 [DEBUG] [org.gradle.launcher.daemon.server.DaemonStateCoordinator] resetting idle timer
2022-01-11T00:45:14.879+0200 [DEBUG] [org.gradle.launcher.daemon.server.DaemonStateCoordinator] daemon is running. Sleeping until state changes.
2022-01-11T00:45:14.879+0200 [INFO] [org.gradle.launcher.daemon.server.exec.StartBuildOrRespondWithBusy] Daemon is about to start building Build{id=64af11a7-356f-4008-8fe8-cade082369d4, currentDir=/Users/andreygorshkov/DATA_MAC/ANDROID/SHOP}. Dispatching build started information...
2022-01-11T00:45:14.879+0200 [DEBUG] [org.gradle.launcher.daemon.server.SynchronizedDispatchConnection] thread 21: dispatching org.gradle.launcher.daemon.protocol.BuildStarted@4a1b7964
2022-01-11T00:45:14.880+0200 [DEBUG] [org.gradle.launcher.daemon.server.SynchronizedDispatchConnection] thread 19: received class org.gradle.launcher.daemon.protocol.CloseInput
2022-01-11T00:45:14.880+0200 [DEBUG] [org.gradle.launcher.daemon.server.DefaultDaemonConnection] thread 19: Received IO message from client: org.gradle.launcher.daemon.protocol.CloseInput@62eb89
2022-01-11T00:45:14.880+0200 [DEBUG] [org.gradle.launcher.daemon.server.exec.EstablishBuildEnvironment] Configuring env variables: [PATH, __CFBundleIdentifier, SHELL, MANPATH, HOMEBREW_CELLAR, OLDPWD, USER, HOMEBREW_PREFIX, COMMAND_MODE, TMPDIR, SSH_AUTH_SOCK, XPC_FLAGS, VERSIONER_PYTHON_VERSION, __CF_USER_TEXT_ENCODING, LOGNAME, HOMEBREW_REPOSITORY, LC_CTYPE, XPC_SERVICE_NAME, INFOPATH, HOME]
2022-01-11T00:45:14.881+0200 [WARN] [org.gradle.launcher.daemon.server.exec.EstablishBuildEnvironment] Warning: Unable able to set daemon's environment variables to match the client because: 
  There is no native integration with this operating environment.
  If the daemon was started with a significantly different environment from the client, and your build 
  relies on environment variables, you may experience unexpected behavior.
2022-01-11T00:45:14.881+0200 [DEBUG] [org.gradle.launcher.daemon.server.exec.LogToClient] About to start relaying all logs to the client via the connection.
2022-01-11T00:45:14.881+0200 [INFO] [org.gradle.launcher.daemon.server.exec.LogToClient] The client will now receive all logging from the daemon (pid: 19545). The daemon log file: /Users/andreygorshkov/DATA_MAC/ANDROID/SHOP/gradle/daemon/6.7.1/daemon-19545.out.log
2022-01-11T00:45:14.883+0200 [INFO] [org.gradle.launcher.daemon.server.exec.LogAndCheckHealth] Starting build in new daemon [memory: 1,6 GB]
2022-01-11T00:45:14.883+0200 [INFO] [org.gradle.launcher.daemon.server.exec.ForwardClientInput] Closing daemon's stdin at end of input.
2022-01-11T00:45:14.883+0200 [INFO] [org.gradle.launcher.daemon.server.exec.ForwardClientInput] The daemon will no longer process any standard input.
2022-01-11T00:45:14.885+0200 [DEBUG] [org.gradle.launcher.daemon.server.exec.ExecuteBuild] The daemon has started executing the build.
2022-01-11T00:45:14.885+0200 [DEBUG] [org.gradle.launcher.daemon.server.exec.ExecuteBuild] Executing build with daemon context: DefaultDaemonContext[uid=f2804720-1df5-43cc-ad41-2a48a3cfe4ac,javaHome=/Applications/Android Studio.app/Contents/jre/Contents/Home,daemonRegistryDir=/Users/andreygorshkov/DATA_MAC/ANDROID/SHOP/gradle/daemon,pid=19545,idleTimeout=10800000,priority=NORMAL,daemonOpts=--add-opens,java.base/java.util=ALL-UNNAMED,--add-opens,java.base/java.lang=ALL-UNNAMED,--add-opens,java.base/java.lang.invoke=ALL-UNNAMED,--add-opens,java.prefs/java.util.prefs=ALL-UNNAMED,-Xmx1536m,-Dfile.encoding=UTF-8,-Duser.country=UA,-Duser.language=ru,-Duser.variant]
Warning: Mapping new ns http://schemas.android.com/repository/android/common/02 to old ns http://schemas.android.com/repository/android/common/01
Warning: Mapping new ns http://schemas.android.com/repository/android/generic/02 to old ns http://schemas.android.com/repository/android/generic/01
Warning: Mapping new ns http://schemas.android.com/sdk/android/repo/addon2/02 to old ns http://schemas.android.com/sdk/android/repo/addon2/01
Warning: Mapping new ns http://schemas.android.com/sdk/android/repo/repository2/02 to old ns http://schemas.android.com/sdk/android/repo/repository2/01
Warning: Mapping new ns http://schemas.android.com/sdk/android/repo/sys-img2/02 to old ns http://schemas.android.com/sdk/android/repo/sys-img2/01
Warning: Mapping new ns http://schemas.android.com/repository/android/common/02 to old ns http://schemas.android.com/repository/android/common/01
Warning: Mapping new ns http://schemas.android.com/repository/android/generic/02 to old ns http://schemas.android.com/repository/android/generic/01
Warning: Mapping new ns http://schemas.android.com/sdk/android/repo/addon2/02 to old ns http://schemas.android.com/sdk/android/repo/addon2/01
Warning: Mapping new ns http://schemas.android.com/sdk/android/repo/repository2/02 to old ns http://schemas.android.com/sdk/android/repo/repository2/01
Warning: Mapping new ns http://schemas.android.com/sdk/android/repo/sys-img2/02 to old ns http://schemas.android.com/sdk/android/repo/sys-img2/01
Note: Some input files use or override a deprecated API.
Note: Recompile with -Xlint:deprecation for details.
AGPBI: {"kind":"warning","text":"An API level of 31 is not supported by this compiler. Please use an API level of 30 or earlier","sources":[{}],"tool":"D8"}
AGPBI: {"kind":"warning","text":"An API level of 31 is not supported by this compiler. Please use an API level of 30 or earlier","sources":[{}],"tool":"D8"}

BUILD SUCCESSFUL in 7s
32 actionable tasks: 4 executed, 28 up-to-date
2022-01-11T00:45:21.208+0200 [DEBUG] [org.gradle.launcher.daemon.server.exec.ExecuteBuild] The daemon has finished executing the build.
2022-01-11T00:45:21.222+0200 [DEBUG] [org.gradle.launcher.daemon.server.DaemonStateCoordinator] daemon is running. Sleeping until state changes.
2022-01-11T00:45:21.222+0200 [DEBUG] [org.gradle.launcher.daemon.server.DaemonStateCoordinator] Command execution: finished waiting for DaemonCommandExecution[command = Build{id=64af11a7-356f-4008-8fe8-cade082369d4, currentDir=/Users/andreygorshkov/DATA_MAC/ANDROID/SHOP}, connection = DefaultDaemonConnection: socket connection from /127.0.0.1:60119 to /127.0.0.1:60120]. Result org.gradle.launcher.daemon.server.DaemonStateCoordinator@21acc01b with state Busy
2022-01-11T00:45:21.223+0200 [DEBUG] [org.gradle.launcher.daemon.server.DaemonStateCoordinator] Command execution: completed DaemonCommandExecution[command = Build{id=64af11a7-356f-4008-8fe8-cade082369d4, currentDir=/Users/andreygorshkov/DATA_MAC/ANDROID/SHOP}, connection = DefaultDaemonConnection: socket connection from /127.0.0.1:60119 to /127.0.0.1:60120]
2022-01-11T00:45:21.223+0200 [DEBUG] [org.gradle.launcher.daemon.server.DaemonStateCoordinator] resetting idle timer
2022-01-11T00:45:21.223+0200 [INFO] [org.gradle.launcher.daemon.server.DaemonRegistryUpdater] Marking the daemon as idle, address: [f61ab85b-34af-4c32-9b63-9194f9e397e0 port:60119, addresses:[localhost/127.0.0.1]]
2022-01-11T00:45:21.223+0200 [DEBUG] [org.gradle.launcher.daemon.registry.PersistentDaemonRegistry] Marking busy by address: [f61ab85b-34af-4c32-9b63-9194f9e397e0 port:60119, addresses:[localhost/127.0.0.1]]
2022-01-11T00:45:21.223+0200 [DEBUG] [org.gradle.cache.internal.DefaultFileLockManager] Waiting to acquire exclusive lock on daemon addresses registry.
2022-01-11T00:45:21.223+0200 [DEBUG] [org.gradle.cache.internal.DefaultFileLockManager] Lock acquired on daemon addresses registry.
2022-01-11T00:45:21.224+0200 [DEBUG] [org.gradle.cache.internal.DefaultFileLockManager] Releasing lock on daemon addresses registry.
2022-01-11T00:45:21.224+0200 [DEBUG] [org.gradle.launcher.daemon.server.DaemonStateCoordinator] daemon is running. Sleeping until state changes.
2022-01-11T00:45:21.224+0200 [DEBUG] [org.gradle.launcher.daemon.server.exec.ReturnResult] Daemon is dispatching the build result: Success[value=org.gradle.launcher.exec.BuildActionResult@5d85a2c5]
2022-01-11T00:45:21.224+0200 [DEBUG] [org.gradle.launcher.daemon.server.SynchronizedDispatchConnection] thread 18: dispatching Success[value=org.gradle.launcher.exec.BuildActionResult@5d85a2c5]
2022-01-11T00:45:21.225+0200 [DEBUG] [org.gradle.launcher.daemon.server.DefaultIncomingConnectionHandler] Finishing executing command: Build{id=64af11a7-356f-4008-8fe8-cade082369d4, currentDir=/Users/andreygorshkov/DATA_MAC/ANDROID/SHOP}
2022-01-11T00:45:21.225+0200 [DEBUG] [org.gradle.launcher.daemon.server.SynchronizedDispatchConnection] thread 19: received class org.gradle.launcher.daemon.protocol.Finished
2022-01-11T00:45:21.225+0200 [DEBUG] [org.gradle.launcher.daemon.server.DefaultDaemonConnection] thread 19: Received non-IO message from client: org.gradle.launcher.daemon.protocol.Finished@7a650fd
2022-01-11T00:45:21.225+0200 [DEBUG] [org.gradle.launcher.daemon.server.DefaultIncomingConnectionHandler] Received finished message: org.gradle.launcher.daemon.protocol.Finished@7a650fd
2022-01-11T00:45:21.225+0200 [DEBUG] [org.gradle.launcher.daemon.server.SynchronizedDispatchConnection] thread 18: stopping connection
2022-01-11T00:45:21.225+0200 [DEBUG] [org.gradle.internal.remote.internal.inet.SocketConnection] Discarding EOFException: java.io.EOFException
2022-01-11T00:45:21.225+0200 [DEBUG] [org.gradle.launcher.daemon.server.SynchronizedDispatchConnection] thread 19: received null
2022-01-11T00:45:21.225+0200 [DEBUG] [org.gradle.launcher.daemon.server.DefaultDaemonConnection] thread 19: Received end-of-input from client.
2022-01-11T00:45:21.227+0200 [DEBUG] [org.gradle.launcher.daemon.server.SynchronizedDispatchConnection] thread 18: stopping connection
2022-01-11T00:45:24.852+0200 [DEBUG] [org.gradle.cache.internal.DefaultFileLockManager] Waiting to acquire shared lock on daemon addresses registry.
2022-01-11T00:45:24.852+0200 [DEBUG] [org.gradle.cache.internal.DefaultFileLockManager] Lock acquired on daemon addresses registry.
2022-01-11T00:45:24.852+0200 [DEBUG] [org.gradle.cache.internal.DefaultFileLockManager] Releasing lock on daemon addresses registry.
2022-01-11T00:45:24.853+0200 [DEBUG] [org.gradle.cache.internal.DefaultFileLockManager] Waiting to acquire shared lock on daemon addresses registry.
2022-01-11T00:45:24.853+0200 [DEBUG] [org.gradle.cache.internal.DefaultFileLockManager] Lock acquired on daemon addresses registry.
2022-01-11T00:45:24.853+0200 [DEBUG] [org.gradle.cache.internal.DefaultFileLockManager] Releasing lock on daemon addresses registry.
2022-01-11T00:45:34.851+0200 [DEBUG] [org.gradle.cache.internal.DefaultFileLockManager] Waiting to acquire shared lock on daemon addresses registry.
2022-01-11T00:45:34.852+0200 [DEBUG] [org.gradle.cache.internal.DefaultFileLockManager] Lock acquired on daemon addresses registry.
2022-01-11T00:45:34.853+0200 [DEBUG] [org.gradle.cache.internal.DefaultFileLockManager] Releasing lock on daemon addresses registry.
2022-01-11T00:45:34.854+0200 [DEBUG] [org.gradle.cache.internal.DefaultFileLockManager] Waiting to acquire shared lock on daemon addresses registry.
2022-01-11T00:45:34.854+0200 [DEBUG] [org.gradle.cache.internal.DefaultFileLockManager] Lock acquired on daemon addresses registry.
2022-01-11T00:45:34.855+0200 [DEBUG] [org.gradle.cache.internal.DefaultFileLockManager] Releasing lock on daemon addresses registry.
2022-01-11T00:45:34.855+0200 [DEBUG] [org.gradle.cache.internal.DefaultFileLockManager] Waiting to acquire shared lock on daemon addresses registry.
2022-01-11T00:45:34.855+0200 [DEBUG] [org.gradle.cache.internal.DefaultFileLockManager] Lock acquired on daemon addresses registry.
2022-01-11T00:45:34.856+0200 [DEBUG] [org.gradle.cache.internal.DefaultFileLockManager] Releasing lock on daemon addresses registry.
2022-01-11T00:45:44.848+0200 [DEBUG] [org.gradle.cache.internal.DefaultFileLockManager] Waiting to acquire shared lock on daemon addresses registry.
2022-01-11T00:45:44.849+0200 [DEBUG] [org.gradle.cache.internal.DefaultFileLockManager] Lock acquired on daemon addresses registry.
2022-01-11T00:45:44.849+0200 [DEBUG] [org.gradle.cache.internal.DefaultFileLockManager] Releasing lock on daemon addresses registry.
2022-01-11T00:45:44.850+0200 [DEBUG] [org.gradle.cache.internal.DefaultFileLockManager] Waiting to acquire shared lock on daemon addresses registry.
2022-01-11T00:45:44.850+0200 [DEBUG] [org.gradle.cache.internal.DefaultFileLockManager] Lock acquired on daemon addresses registry.
2022-01-11T00:45:44.851+0200 [DEBUG] [org.gradle.cache.internal.DefaultFileLockManager] Releasing lock on daemon addresses registry.
2022-01-11T00:45:44.851+0200 [DEBUG] [org.gradle.cache.internal.DefaultFileLockManager] Waiting to acquire shared lock on daemon addresses registry.
2022-01-11T00:45:44.851+0200 [DEBUG] [org.gradle.cache.internal.DefaultFileLockManager] Lock acquired on daemon addresses registry.
2022-01-11T00:45:44.852+0200 [DEBUG] [org.gradle.cache.internal.DefaultFileLockManager] Releasing lock on daemon addresses registry.
2022-01-11T00:45:54.849+0200 [DEBUG] [org.gradle.cache.internal.DefaultFileLockManager] Waiting to acquire shared lock on daemon addresses registry.
2022-01-11T00:45:54.850+0200 [DEBUG] [org.gradle.cache.internal.DefaultFileLockManager] Lock acquired on daemon addresses registry.
2022-01-11T00:45:54.850+0200 [DEBUG] [org.gradle.cache.internal.DefaultFileLockManager] Releasing lock on daemon addresses registry.
2022-01-11T00:45:54.852+0200 [DEBUG] [org.gradle.cache.internal.DefaultFileLockManager] Waiting to acquire shared lock on daemon addresses registry.
2022-01-11T00:45:54.852+0200 [DEBUG] [org.gradle.cache.internal.DefaultFileLockManager] Lock acquired on daemon addresses registry.
2022-01-11T00:45:54.852+0200 [DEBUG] [org.gradle.cache.internal.DefaultFileLockManager] Releasing lock on daemon addresses registry.
2022-01-11T00:45:54.852+0200 [DEBUG] [org.gradle.cache.internal.DefaultFileLockManager] Waiting to acquire shared lock on daemon addresses registry.
2022-01-11T00:45:54.852+0200 [DEBUG] [org.gradle.cache.internal.DefaultFileLockManager] Lock acquired on daemon addresses registry.
2022-01-11T00:45:54.853+0200 [DEBUG] [org.gradle.cache.internal.DefaultFileLockManager] Releasing lock on daemon addresses registry.
2022-01-11T00:46:04.851+0200 [DEBUG] [org.gradle.cache.internal.DefaultFileLockManager] Waiting to acquire shared lock on daemon addresses registry.
2022-01-11T00:46:04.852+0200 [DEBUG] [org.gradle.cache.internal.DefaultFileLockManager] Lock acquired on daemon addresses registry.
2022-01-11T00:46:04.853+0200 [DEBUG] [org.gradle.cache.internal.DefaultFileLockManager] Releasing lock on daemon addresses registry.
2022-01-11T00:46:04.854+0200 [DEBUG] [org.gradle.cache.internal.DefaultFileLockManager] Waiting to acquire shared lock on daemon addresses registry.
2022-01-11T00:46:04.855+0200 [DEBUG] [org.gradle.cache.internal.DefaultFileLockManager] Lock acquired on daemon addresses registry.
2022-01-11T00:46:04.855+0200 [DEBUG] [org.gradle.cache.internal.DefaultFileLockManager] Releasing lock on daemon addresses registry.
2022-01-11T00:46:04.855+0200 [DEBUG] [org.gradle.cache.internal.DefaultFileLockManager] Waiting to acquire shared lock on daemon addresses registry.
2022-01-11T00:46:04.855+0200 [DEBUG] [org.gradle.cache.internal.DefaultFileLockManager] Lock acquired on daemon addresses registry.
2022-01-11T00:46:04.856+0200 [DEBUG] [org.gradle.cache.internal.DefaultFileLockManager] Releasing lock on daemon addresses registry.
2022-01-11T00:46:14.847+0200 [DEBUG] [org.gradle.cache.internal.DefaultFileLockManager] Waiting to acquire shared lock on daemon addresses registry.
2022-01-11T00:46:14.847+0200 [DEBUG] [org.gradle.cache.internal.DefaultFileLockManager] Lock acquired on daemon addresses registry.
2022-01-11T00:46:14.848+0200 [DEBUG] [org.gradle.cache.internal.DefaultFileLockManager] Releasing lock on daemon addresses registry.
2022-01-11T00:46:14.849+0200 [DEBUG] [org.gradle.cache.internal.DefaultFileLockManager] Waiting to acquire shared lock on daemon addresses registry.
2022-01-11T00:46:14.849+0200 [DEBUG] [org.gradle.cache.internal.DefaultFileLockManager] Lock acquired on daemon addresses registry.
2022-01-11T00:46:14.849+0200 [DEBUG] [org.gradle.cache.internal.DefaultFileLockManager] Releasing lock on daemon addresses registry.
2022-01-11T00:46:14.850+0200 [DEBUG] [org.gradle.cache.internal.DefaultFileLockManager] Waiting to acquire shared lock on daemon addresses registry.
2022-01-11T00:46:14.850+0200 [DEBUG] [org.gradle.cache.internal.DefaultFileLockManager] Lock acquired on daemon addresses registry.
2022-01-11T00:46:14.850+0200 [DEBUG] [org.gradle.cache.internal.DefaultFileLockManager] Releasing lock on daemon addresses registry.
2022-01-11T00:46:24.852+0200 [DEBUG] [org.gradle.cache.internal.DefaultFileLockManager] Waiting to acquire shared lock on daemon addresses registry.
2022-01-11T00:46:24.852+0200 [DEBUG] [org.gradle.cache.internal.DefaultFileLockManager] Lock acquired on daemon addresses registry.
2022-01-11T00:46:24.853+0200 [DEBUG] [org.gradle.cache.internal.DefaultFileLockManager] Releasing lock on daemon addresses registry.
2022-01-11T00:46:24.853+0200 [DEBUG] [org.gradle.cache.internal.DefaultFileLockManager] Waiting to acquire shared lock on daemon addresses registry.
2022-01-11T00:46:24.854+0200 [DEBUG] [org.gradle.cache.internal.DefaultFileLockManager] Lock acquired on daemon addresses registry.
2022-01-11T00:46:24.854+0200 [DEBUG] [org.gradle.cache.internal.DefaultFileLockManager] Releasing lock on daemon addresses registry.
2022-01-11T00:46:24.854+0200 [DEBUG] [org.gradle.cache.internal.DefaultFileLockManager] Waiting to acquire shared lock on daemon addresses registry.
2022-01-11T00:46:24.854+0200 [DEBUG] [org.gradle.cache.internal.DefaultFileLockManager] Lock acquired on daemon addresses registry.
2022-01-11T00:46:24.854+0200 [DEBUG] [org.gradle.cache.internal.DefaultFileLockManager] Releasing lock on daemon addresses registry.
2022-01-11T00:46:31.134+0200 [DEBUG] [org.gradle.internal.remote.internal.inet.TcpIncomingConnector] Accepted connection from /127.0.0.1:60605 to /127.0.0.1:60119.
2022-01-11T00:46:31.136+0200 [DEBUG] [org.gradle.launcher.daemon.server.SynchronizedDispatchConnection] thread 173: received class org.gradle.launcher.daemon.protocol.StopWhenIdle
2022-01-11T00:46:31.136+0200 [DEBUG] [org.gradle.launcher.daemon.server.DefaultDaemonConnection] thread 173: Received non-IO message from client: StopWhenIdle[id=39d75eb2-121f-4fd3-a2cc-27e40de061f1]
2022-01-11T00:46:31.136+0200 [INFO] [org.gradle.launcher.daemon.server.DefaultIncomingConnectionHandler] Received command: StopWhenIdle[id=39d75eb2-121f-4fd3-a2cc-27e40de061f1].
2022-01-11T00:46:31.136+0200 [DEBUG] [org.gradle.launcher.daemon.server.DefaultIncomingConnectionHandler] Starting executing command: StopWhenIdle[id=39d75eb2-121f-4fd3-a2cc-27e40de061f1] with connection: socket connection from /127.0.0.1:60119 to /127.0.0.1:60605.
2022-01-11T00:46:31.136+0200 [DEBUG] [org.gradle.launcher.daemon.server.DaemonRegistryUpdater] Storing daemon stop event: stop command received
2022-01-11T00:46:31.136+0200 [DEBUG] [org.gradle.launcher.daemon.registry.PersistentDaemonRegistry] Storing daemon stop event with timestamp 1641854791137
2022-01-11T00:46:31.137+0200 [DEBUG] [org.gradle.cache.internal.DefaultFileLockManager] Waiting to acquire exclusive lock on daemon addresses registry.
2022-01-11T00:46:31.137+0200 [DEBUG] [org.gradle.cache.internal.DefaultFileLockManager] Lock acquired on daemon addresses registry.
2022-01-11T00:46:31.138+0200 [DEBUG] [org.gradle.cache.internal.DefaultFileLockManager] Releasing lock on daemon addresses registry.
2022-01-11T00:46:31.138+0200 [LIFECYCLE] [org.gradle.launcher.daemon.server.DaemonStateCoordinator] Daemon will be stopped at the end of the build stop command received
2022-01-11T00:46:31.138+0200 [DEBUG] [org.gradle.launcher.daemon.server.DaemonStateCoordinator] Marking daemon stopped due to stop command received. The daemon is running a build: false
2022-01-11T00:46:31.138+0200 [DEBUG] [org.gradle.launcher.daemon.server.SynchronizedDispatchConnection] thread 172: dispatching Success[value=null]
2022-01-11T00:46:31.138+0200 [DEBUG] [org.gradle.launcher.daemon.server.DaemonStateCoordinator] daemon has stopped.
2022-01-11T00:46:31.138+0200 [DEBUG] [org.gradle.launcher.daemon.server.SynchronizedDispatchConnection] thread 173: received class org.gradle.launcher.daemon.protocol.Finished
2022-01-11T00:46:31.138+0200 [DEBUG] [org.gradle.launcher.daemon.server.DefaultIncomingConnectionHandler] Finishing executing command: StopWhenIdle[id=39d75eb2-121f-4fd3-a2cc-27e40de061f1]
2022-01-11T00:46:31.138+0200 [DEBUG] [org.gradle.launcher.daemon.server.DefaultDaemonConnection] thread 173: Received non-IO message from client: org.gradle.launcher.daemon.protocol.Finished@1b653e8a
2022-01-11T00:46:31.138+0200 [DEBUG] [org.gradle.launcher.daemon.server.Daemon] stop() called on daemon
2022-01-11T00:46:31.138+0200 [DEBUG] [org.gradle.launcher.daemon.server.DefaultIncomingConnectionHandler] Received finished message: org.gradle.launcher.daemon.protocol.Finished@1b653e8a
2022-01-11T00:46:31.139+0200 [INFO] [org.gradle.launcher.daemon.server.Daemon] Stop requested. Daemon is removing its presence from the registry...
2022-01-11T00:46:31.139+0200 [DEBUG] [org.gradle.internal.remote.internal.inet.SocketConnection] Discarding EOFException: java.io.EOFException
2022-01-11T00:46:31.139+0200 [DEBUG] [org.gradle.launcher.daemon.server.SynchronizedDispatchConnection] thread 173: received null
2022-01-11T00:46:31.139+0200 [DEBUG] [org.gradle.launcher.daemon.server.DaemonRegistryUpdater] Removing our presence to clients, eg. removing this address from the registry: [f61ab85b-34af-4c32-9b63-9194f9e397e0 port:60119, addresses:[localhost/127.0.0.1]]
2022-01-11T00:46:31.139+0200 [DEBUG] [org.gradle.launcher.daemon.server.SynchronizedDispatchConnection] thread 172: stopping connection
2022-01-11T00:46:31.139+0200 [DEBUG] [org.gradle.launcher.daemon.registry.PersistentDaemonRegistry] Removing daemon address: [f61ab85b-34af-4c32-9b63-9194f9e397e0 port:60119, addresses:[localhost/127.0.0.1]]
2022-01-11T00:46:31.139+0200 [DEBUG] [org.gradle.launcher.daemon.server.DefaultDaemonConnection] thread 173: Received end-of-input from client.
2022-01-11T00:46:31.140+0200 [DEBUG] [org.gradle.launcher.daemon.server.SynchronizedDispatchConnection] thread 172: stopping connection
2022-01-11T00:46:31.140+0200 [DEBUG] [org.gradle.cache.internal.DefaultFileLockManager] Waiting to acquire exclusive lock on daemon addresses registry.
2022-01-11T00:46:31.141+0200 [DEBUG] [org.gradle.cache.internal.DefaultFileLockManager] Lock acquired on daemon addresses registry.
2022-01-11T00:46:31.141+0200 [DEBUG] [org.gradle.cache.internal.DefaultFileLockManager] Releasing lock on daemon addresses registry.
2022-01-11T00:46:31.141+0200 [DEBUG] [org.gradle.launcher.daemon.server.DaemonRegistryUpdater] Address removed from registry.
2022-01-11T00:46:31.146+0200 [DEBUG] [org.gradle.cache.internal.LockOnDemandCrossProcessCacheAccess] Releasing file lock for jars (/Users/andreygorshkov/DATA_MAC/ANDROID/SHOP/gradle/caches/jars-8)
2022-01-11T00:46:31.146+0200 [DEBUG] [org.gradle.cache.internal.DefaultFileLockManager] Releasing lock on jars (/Users/andreygorshkov/DATA_MAC/ANDROID/SHOP/gradle/caches/jars-8).
2022-01-11T00:46:31.147+0200 [DEBUG] [org.gradle.cache.internal.DefaultPersistentDirectoryStore] jars (/Users/andreygorshkov/DATA_MAC/ANDROID/SHOP/gradle/caches/jars-8) has last been fully cleaned up 10 hours ago
2022-01-11T00:46:31.148+0200 [DEBUG] [org.gradle.cache.internal.LockOnDemandCrossProcessCacheAccess] Releasing file lock for file content cache (/Users/andreygorshkov/DATA_MAC/ANDROID/SHOP/gradle/caches/6.7.1/fileContent)
2022-01-11T00:46:31.148+0200 [DEBUG] [org.gradle.cache.internal.DefaultFileLockManager] Releasing lock on file content cache (/Users/andreygorshkov/DATA_MAC/ANDROID/SHOP/gradle/caches/6.7.1/fileContent).
2022-01-11T00:46:31.148+0200 [DEBUG] [org.gradle.cache.internal.LockOnDemandCrossProcessCacheAccess] Releasing file lock for Java compile cache (/Users/andreygorshkov/DATA_MAC/ANDROID/SHOP/gradle/caches/6.7.1/javaCompile)
2022-01-11T00:46:31.148+0200 [DEBUG] [org.gradle.cache.internal.btree.BTreePersistentIndexedCache] Closing cache jarAnalysis.bin (/Users/andreygorshkov/DATA_MAC/ANDROID/SHOP/gradle/caches/6.7.1/javaCompile/jarAnalysis.bin)
2022-01-11T00:46:31.148+0200 [DEBUG] [org.gradle.cache.internal.DefaultFileLockManager] Releasing lock on Java compile cache (/Users/andreygorshkov/DATA_MAC/ANDROID/SHOP/gradle/caches/6.7.1/javaCompile).
2022-01-11T00:46:31.149+0200 [DEBUG] [org.gradle.cache.internal.LockOnDemandCrossProcessCacheAccess] Releasing file lock for Artifact transforms cache (/Users/andreygorshkov/DATA_MAC/ANDROID/SHOP/gradle/caches/transforms-2)
2022-01-11T00:46:31.149+0200 [DEBUG] [org.gradle.cache.internal.DefaultFileLockManager] Releasing lock on Artifact transforms cache (/Users/andreygorshkov/DATA_MAC/ANDROID/SHOP/gradle/caches/transforms-2).
2022-01-11T00:46:31.149+0200 [DEBUG] [org.gradle.cache.internal.DefaultPersistentDirectoryStore] Artifact transforms cache (/Users/andreygorshkov/DATA_MAC/ANDROID/SHOP/gradle/caches/transforms-2) has last been fully cleaned up 10 hours ago
2022-01-11T00:46:31.149+0200 [DEBUG] [org.gradle.cache.internal.LockOnDemandCrossProcessCacheAccess] Releasing file lock for artifact cache (/Users/andreygorshkov/DATA_MAC/ANDROID/SHOP/gradle/caches/modules-2)
2022-01-11T00:46:31.150+0200 [DEBUG] [org.gradle.cache.internal.btree.BTreePersistentIndexedCache] Closing cache module-artifacts.bin (/Users/andreygorshkov/DATA_MAC/ANDROID/SHOP/gradle/caches/modules-2/metadata-2.96/module-artifacts.bin)
2022-01-11T00:46:31.150+0200 [DEBUG] [org.gradle.cache.internal.btree.BTreePersistentIndexedCache] Closing cache module-metadata.bin (/Users/andreygorshkov/DATA_MAC/ANDROID/SHOP/gradle/caches/modules-2/metadata-2.96/module-metadata.bin)
2022-01-11T00:46:31.150+0200 [DEBUG] [org.gradle.cache.internal.btree.BTreePersistentIndexedCache] Closing cache module-artifact.bin (/Users/andreygorshkov/DATA_MAC/ANDROID/SHOP/gradle/caches/modules-2/metadata-2.96/module-artifact.bin)
2022-01-11T00:46:31.150+0200 [DEBUG] [org.gradle.cache.internal.btree.BTreePersistentIndexedCache] Closing cache module-versions.bin (/Users/andreygorshkov/DATA_MAC/ANDROID/SHOP/gradle/caches/modules-2/metadata-2.96/module-versions.bin)
2022-01-11T00:46:31.150+0200 [DEBUG] [org.gradle.cache.internal.DefaultFileLockManager] Releasing lock on artifact cache (/Users/andreygorshkov/DATA_MAC/ANDROID/SHOP/gradle/caches/modules-2).
2022-01-11T00:46:31.150+0200 [DEBUG] [org.gradle.cache.internal.DefaultPersistentDirectoryStore] artifact cache (/Users/andreygorshkov/DATA_MAC/ANDROID/SHOP/gradle/caches/modules-2) has last been fully cleaned up 10 hours ago
2022-01-11T00:46:31.150+0200 [DEBUG] [org.gradle.cache.internal.DefaultCacheAccess] Cache Generated Gradle JARs cache (/Users/andreygorshkov/DATA_MAC/ANDROID/SHOP/gradle/caches/6.7.1/generated-gradle-jars) was closed 0 times.
2022-01-11T00:46:31.151+0200 [DEBUG] [org.gradle.cache.internal.LockOnDemandCrossProcessCacheAccess] Releasing file lock for journal cache (/Users/andreygorshkov/DATA_MAC/ANDROID/SHOP/gradle/caches/journal-1)
2022-01-11T00:46:31.151+0200 [DEBUG] [org.gradle.cache.internal.btree.BTreePersistentIndexedCache] Closing cache file-access.bin (/Users/andreygorshkov/DATA_MAC/ANDROID/SHOP/gradle/caches/journal-1/file-access.bin)
2022-01-11T00:46:31.151+0200 [DEBUG] [org.gradle.cache.internal.DefaultFileLockManager] Releasing lock on journal cache (/Users/andreygorshkov/DATA_MAC/ANDROID/SHOP/gradle/caches/journal-1).
2022-01-11T00:46:31.151+0200 [DEBUG] [org.gradle.cache.internal.LockOnDemandCrossProcessCacheAccess] Releasing file lock for file hash cache (/Users/andreygorshkov/DATA_MAC/ANDROID/SHOP/gradle/caches/6.7.1/fileHashes)
2022-01-11T00:46:31.151+0200 [DEBUG] [org.gradle.cache.internal.btree.BTreePersistentIndexedCache] Closing cache fileHashes.bin (/Users/andreygorshkov/DATA_MAC/ANDROID/SHOP/gradle/caches/6.7.1/fileHashes/fileHashes.bin)
2022-01-11T00:46:31.152+0200 [DEBUG] [org.gradle.cache.internal.btree.BTreePersistentIndexedCache] Closing cache resourceHashesCache.bin (/Users/andreygorshkov/DATA_MAC/ANDROID/SHOP/gradle/caches/6.7.1/fileHashes/resourceHashesCache.bin)
2022-01-11T00:46:31.152+0200 [DEBUG] [org.gradle.cache.internal.DefaultFileLockManager] Releasing lock on file hash cache (/Users/andreygorshkov/DATA_MAC/ANDROID/SHOP/gradle/caches/6.7.1/fileHashes).
2022-01-11T00:46:31.152+0200 [DEBUG] [org.gradle.cache.internal.LockOnDemandCrossProcessCacheAccess] Releasing file lock for execution history cache (/Users/andreygorshkov/DATA_MAC/ANDROID/SHOP/gradle/caches/6.7.1/executionHistory)
2022-01-11T00:46:31.152+0200 [DEBUG] [org.gradle.cache.internal.btree.BTreePersistentIndexedCache] Closing cache executionHistory.bin (/Users/andreygorshkov/DATA_MAC/ANDROID/SHOP/gradle/caches/6.7.1/executionHistory/executionHistory.bin)
2022-01-11T00:46:31.152+0200 [DEBUG] [org.gradle.cache.internal.DefaultFileLockManager] Releasing lock on execution history cache (/Users/andreygorshkov/DATA_MAC/ANDROID/SHOP/gradle/caches/6.7.1/executionHistory).
Daemon vm is shutting down... The daemon has exited normally or was terminated in response to a user interrupt.
2022-01-11T00:46:31.154+0200 [DEBUG] [org.gradle.launcher.daemon.registry.PersistentDaemonRegistry] Removing daemon address: [f61ab85b-34af-4c32-9b63-9194f9e397e0 port:60119, addresses:[localhost/127.0.0.1]]
2022-01-11T00:46:31.154+0200 [DEBUG] [org.gradle.cache.internal.DefaultFileLockManager] Waiting to acquire exclusive lock on daemon addresses registry.
2022-01-11T00:46:31.154+0200 [DEBUG] [org.gradle.cache.internal.DefaultFileLockManager] Lock acquired on daemon addresses registry.
2022-01-11T00:46:31.154+0200 [DEBUG] [org.gradle.cache.internal.DefaultFileLockManager] Releasing lock on daemon addresses registry.
