#
# There is insufficient memory for the Java Runtime Environment to continue.
# Native memory allocation (mmap) failed to map 260046848 bytes for Failed to commit area from 0x00000000a0000000 to 0x00000000af800000 of length 260046848.
# Possible reasons:
#   The system is out of physical RAM or swap space
#   The process is running with CompressedOops enabled, and the Java Heap may be blocking the growth of the native heap
# Possible solutions:
#   Reduce memory load on the system
#   Increase physical memory or swap space
#   Check if swap backing store is full
#   Decrease Java heap size (-Xmx/-Xms)
#   Decrease number of Java threads
#   Decrease Java thread stack sizes (-Xss)
#   Set larger code cache with -XX:ReservedCodeCacheSize=
# This output file may be truncated or incomplete.
#
#  Out of Memory Error (./src/hotspot/os/windows/os_windows.cpp:3303), pid=13244, tid=13392
#
# JRE version:  (11.0.8+10) (build )
# Java VM: OpenJDK 64-Bit Server VM (11.0.8+10-b944.6842174, mixed mode, sharing, tiered, compressed oops, g1 gc, windows-amd64)
# No core dump will be written. Minidumps are not enabled by default on client versions of Windows
#

---------------  S U M M A R Y ------------

Command Line: --add-opens=java.base/java.util=ALL-UNNAMED --add-opens=java.base/java.lang=ALL-UNNAMED --add-opens=java.base/java.lang.invoke=ALL-UNNAMED --add-opens=java.prefs/java.util.prefs=ALL-UNNAMED -Xmx1536m -Dfile.encoding=windows-1251 -Duser.country=RU -Duser.language=ru -Duser.variant org.gradle.launcher.daemon.bootstrap.GradleDaemon 6.7.1

Host: Intel(R) Core(TM) i5-5300U CPU @ 2.30GHz, 4 cores, 15G,  Windows 10 , 64 bit Build 19041 (10.0.19041.662)
Time: Wed Jun  2 15:17:08 2021 Финляндия (лето) elapsed time: 0 seconds (0d 0h 0m 0s)

---------------  T H R E A D  ---------------

Current thread (0x000002518c72e000):  JavaThread "Unknown thread" [_thread_in_vm, id=13392, stack(0x0000006423b00000,0x0000006423c00000)]

Stack: [0x0000006423b00000,0x0000006423c00000]
Native frames: (J=compiled Java code, j=interpreted, Vv=VM code, C=native code)
V  [jvm.dll+0x5de50a]
V  [jvm.dll+0x7122f5]
V  [jvm.dll+0x71384d]
V  [jvm.dll+0x713f03]
V  [jvm.dll+0x23e728]
V  [jvm.dll+0x5db9a4]
V  [jvm.dll+0x5d0ae5]
V  [jvm.dll+0x2fb20b]
V  [jvm.dll+0x2fb17a]
V  [jvm.dll+0x2fb052]
V  [jvm.dll+0x2fff16]
V  [jvm.dll+0x348743]
V  [jvm.dll+0x348e46]
V  [jvm.dll+0x348843]
V  [jvm.dll+0x2d5d68]
V  [jvm.dll+0x2d6f07]
V  [jvm.dll+0x6f11f7]
V  [jvm.dll+0x6f29ec]
V  [jvm.dll+0x355cb9]
V  [jvm.dll+0x6d4ade]
V  [jvm.dll+0x3bdfe3]
V  [jvm.dll+0x3c0201]
C  [jli.dll+0x5373]
C  [ucrtbase.dll+0x214c2]
C  [KERNEL32.DLL+0x17034]
C  [ntdll.dll+0x4d0d1]


---------------  P R O C E S S  ---------------

Threads class SMR info:
_java_thread_list=0x000002518a692ac0, length=0, elements={
}

Java Threads: ( => current thread )

Other Threads:
  0x000002518c741800 GCTaskThread "GC Thread#0" [stack: 0x0000006423c00000,0x0000006423d00000] [id=7920]
  0x000002518c769800 ConcurrentGCThread "G1 Main Marker" [stack: 0x0000006423d00000,0x0000006423e00000] [id=19136]
  0x000002518c76c000 ConcurrentGCThread "G1 Conc#0" [stack: 0x0000006423e00000,0x0000006423f00000] [id=10260]

[error occurred during error reporting (printing all threads), id 0xc0000005, EXCEPTION_ACCESS_VIOLATION (0xc0000005) at pc=0x00007ffc70446357]

VM state:not at safepoint (not fully initialized)

VM Mutex/Monitor currently owned by a thread:  ([mutex/lock_event])
[0x000002518c72aea0] Heap_lock - owner thread: 0x000002518c72e000

Heap address: 0x00000000a0000000, size: 1536 MB, Compressed Oops mode: Non-zero based: 0x00000000a0000000
Narrow klass base: 0x0000000000000000, Narrow klass shift: 0

GC Heap History (0 events):
No events

Deoptimization events (0 events):
No events

Classes redefined (0 events):
No events

Internal exceptions (0 events):
No events

Events (1 events):
Event: 0.022 Loaded shared library C:\Program Files\Android\Android Studio\jre\bin\zip.dll


Dynamic libraries:
0x00007ff7831c0000 - 0x00007ff7831ca000 	C:\Program Files\Android\Android Studio\jre\bin\java.exe
0x00007ffcab510000 - 0x00007ffcab706000 	C:\Windows\SYSTEM32\ntdll.dll
0x00007ffca9c00000 - 0x00007ffca9cbd000 	C:\Windows\System32\KERNEL32.DLL
0x00007ffca9220000 - 0x00007ffca94e9000 	C:\Windows\System32\KERNELBASE.dll
0x00007ffca8fb0000 - 0x00007ffca90b0000 	C:\Windows\System32\ucrtbase.dll
0x00007ffc8b880000 - 0x00007ffc8b899000 	C:\Program Files\Android\Android Studio\jre\bin\jli.dll
0x00007ffcab150000 - 0x00007ffcab2f0000 	C:\Windows\System32\USER32.dll
0x00007ffca94f0000 - 0x00007ffca9512000 	C:\Windows\System32\win32u.dll
0x00007ffca9cd0000 - 0x00007ffca9cfa000 	C:\Windows\System32\GDI32.dll
0x00007ffca90b0000 - 0x00007ffca91bb000 	C:\Windows\System32\gdi32full.dll
0x00007ffca8d80000 - 0x00007ffca8e1d000 	C:\Windows\System32\msvcp_win.dll
0x00007ffc8a590000 - 0x00007ffc8a5a7000 	C:\Program Files\Android\Android Studio\jre\bin\VCRUNTIME140.dll
0x00007ffc987e0000 - 0x00007ffc98a7b000 	C:\Windows\WinSxS\amd64_microsoft.windows.common-controls_6595b64144ccf1df_6.0.19041.746_none_ca02b4b61b8320a4\COMCTL32.dll
0x00007ffcaa190000 - 0x00007ffcaa22e000 	C:\Windows\System32\msvcrt.dll
0x00007ffca95d0000 - 0x00007ffca9600000 	C:\Windows\System32\IMM32.DLL
0x00007ffc80980000 - 0x00007ffc80a1d000 	C:\Program Files\Android\Android Studio\jre\bin\msvcp140.dll
0x00007ffc70160000 - 0x00007ffc70c1c000 	C:\Program Files\Android\Android Studio\jre\bin\server\jvm.dll
0x00007ffcaaf50000 - 0x00007ffcaaffc000 	C:\Windows\System32\ADVAPI32.dll
0x00007ffca9850000 - 0x00007ffca98ec000 	C:\Windows\System32\sechost.dll
0x00007ffcab2f0000 - 0x00007ffcab41b000 	C:\Windows\System32\RPCRT4.dll
0x00007ffca9cc0000 - 0x00007ffca9cc8000 	C:\Windows\System32\PSAPI.DLL
0x00007ffc964b0000 - 0x00007ffc964d7000 	C:\Windows\SYSTEM32\WINMM.dll
0x00007ffc8cb10000 - 0x00007ffc8cb19000 	C:\Windows\SYSTEM32\WSOCK32.dll
0x00007ffcab0e0000 - 0x00007ffcab14b000 	C:\Windows\System32\WS2_32.dll
0x00007ffc960c0000 - 0x00007ffc960ca000 	C:\Windows\SYSTEM32\VERSION.dll
0x00007ffca6d90000 - 0x00007ffca6da2000 	C:\Windows\SYSTEM32\kernel.appcore.dll
0x00007ffca28e0000 - 0x00007ffca28f1000 	C:\Program Files\Android\Android Studio\jre\bin\verify.dll
0x00007ffca6230000 - 0x00007ffca6414000 	C:\Windows\SYSTEM32\DBGHELP.DLL
0x00007ffc934c0000 - 0x00007ffc934ec000 	C:\Windows\SYSTEM32\dbgcore.DLL
0x00007ffca8d00000 - 0x00007ffca8d80000 	C:\Windows\System32\bcryptPrimitives.dll
0x00007ffca27e0000 - 0x00007ffca2809000 	C:\Program Files\Android\Android Studio\jre\bin\java.dll
0x00007ffca4360000 - 0x00007ffca436b000 	C:\Program Files\Android\Android Studio\jre\bin\jimage.dll
0x00007ffca27c0000 - 0x00007ffca27d8000 	C:\Program Files\Android\Android Studio\jre\bin\zip.dll

dbghelp: loaded successfully - version: 4.0.5 - missing functions: none
symbol engine: initialized successfully - sym options: 0x614 - pdb path: .;C:\Program Files\Android\Android Studio\jre\bin;C:\Windows\SYSTEM32;C:\Windows\WinSxS\amd64_microsoft.windows.common-controls_6595b64144ccf1df_6.0.19041.746_none_ca02b4b61b8320a4;C:\Program Files\Android\Android Studio\jre\bin\server

VM Arguments:
jvm_args: --add-opens=java.base/java.util=ALL-UNNAMED --add-opens=java.base/java.lang=ALL-UNNAMED --add-opens=java.base/java.lang.invoke=ALL-UNNAMED --add-opens=java.prefs/java.util.prefs=ALL-UNNAMED -Xmx1536m -Dfile.encoding=windows-1251 -Duser.country=RU -Duser.language=ru -Duser.variant 
java_command: org.gradle.launcher.daemon.bootstrap.GradleDaemon 6.7.1
java_class_path (initial): D:\ANDROID\SHOP\gradle\wrapper\dists\gradle-6.7.1-bin\bwlcbys1h7rz3272sye1xwiv6\gradle-6.7.1\lib\gradle-launcher-6.7.1.jar
Launcher Type: SUN_STANDARD

[Global flags]
     intx CICompilerCount                          = 3                                         {product} {ergonomic}
     uint ConcGCThreads                            = 1                                         {product} {ergonomic}
     uint G1ConcRefinementThreads                  = 4                                         {product} {ergonomic}
   size_t G1HeapRegionSize                         = 1048576                                   {product} {ergonomic}
    uintx GCDrainStackTargetSize                   = 64                                        {product} {ergonomic}
   size_t InitialHeapSize                          = 260046848                                 {product} {ergonomic}
   size_t MarkStackSize                            = 4194304                                   {product} {ergonomic}
   size_t MaxHeapSize                              = 1610612736                                {product} {command line}
   size_t MinHeapDeltaBytes                        = 1048576                                   {product} {ergonomic}
    uintx NonNMethodCodeHeapSize                   = 5830732                                {pd product} {ergonomic}
    uintx NonProfiledCodeHeapSize                  = 122913754                              {pd product} {ergonomic}
    uintx ProfiledCodeHeapSize                     = 122913754                              {pd product} {ergonomic}
    uintx ReservedCodeCacheSize                    = 251658240                              {pd product} {ergonomic}
     bool SegmentedCodeCache                       = true                                      {product} {ergonomic}
     bool UseCompressedClassPointers               = true                                 {lp64_product} {ergonomic}
     bool UseCompressedOops                        = true                                 {lp64_product} {ergonomic}
     bool UseG1GC                                  = true                                      {product} {ergonomic}
     bool UseLargePagesIndividualAllocation        = false                                  {pd product} {ergonomic}

Logging:
Log output configuration:
 #0: stdout all=warning uptime,level,tags
 #1: stderr all=off uptime,level,tags

Environment Variables:
PATH=C:\Windows\system32;C:\Windows;C:\Windows\System32\Wbem;C:\Windows\System32\WindowsPowerShell\v1.0\;C:\Windows\System32\OpenSSH\;C:\Program Files\7-Zip;C:\xampp\php;C:\ProgramData\ComposerSetup\bin;C:\Program Files\Git\cmd;C:\Program Files\PuTTY\;C:\Program Files\nodejs\;C:\Program Files (x86)\Common Files\Acronis\SnapAPI\;C:\Users\1\AppData\Local\Microsoft\WindowsApps;C:\Users\1\AppData\Roaming\Composer\vendor\bin;C:\Users\1\AppData\Roaming\npm
USERNAME=IT
OS=Windows_NT
PROCESSOR_IDENTIFIER=Intel64 Family 6 Model 61 Stepping 4, GenuineIntel



---------------  S Y S T E M  ---------------

OS: Windows 10 , 64 bit Build 19041 (10.0.19041.662)
OS uptime: 21 days 3:18 hours

CPU:total 4 (initial active 4) (2 cores per cpu, 2 threads per core) family 6 model 61 stepping 4, cmov, cx8, fxsr, mmx, sse, sse2, sse3, ssse3, sse4.1, sse4.2, popcnt, avx, avx2, aes, clmul, erms, rtm, 3dnowpref, lzcnt, ht, tsc, tscinvbit, bmi1, bmi2, adx, fma

Memory: 4k page, system-wide physical 15784M (1729M free)
TotalPageFile size 15784M (AvailPageFile size 227M)
current process WorkingSet (physical memory assigned to process): 9M, peak: 9M
current process commit charge ("private bytes"): 51M, peak: 299M

vm_info: OpenJDK 64-Bit Server VM (11.0.8+10-b944.6842174) for windows-amd64 JRE (11.0.8+10-b944.6842174), built on Sep 19 2020 01:11:42 by "builder" with MS VC++ 14.0 (VS2015)

END.
